<?xml version="1.0" encoding="UTF-8"?>
<testng-results skipped="0" failed="0" ignored="0" total="1" passed="1">
  <reporter-output>
  </reporter-output>
  <suite name="Suite" duration-ms="62095" started-at="2020-02-10T06:03:03Z" finished-at="2020-02-10T06:04:05Z">
    <groups>
    </groups>
    <test name="Test1" duration-ms="62095" started-at="2020-02-10T06:03:03Z" finished-at="2020-02-10T06:04:05Z">
      <class name="com.commproj.testcases.TC_AddCustTest_003">
        <test-method status="PASS" signature="setup(java.lang.String)[pri:0, instance:com.commproj.testcases.TC_AddCustTest_003@153f5a29]" name="setup" is-config="true" duration-ms="11511" started-at="2020-02-10T06:03:03Z" finished-at="2020-02-10T06:03:15Z">
          <params>
            <param index="0">
              <value>
                <![CDATA[chrome]]>
              </value>
            </param>
          </params>
          <reporter-output>
          </reporter-output>
        </test-method> <!-- setup -->
        <test-method status="PASS" signature="AddNewCustomer()[pri:0, instance:com.commproj.testcases.TC_AddCustTest_003@153f5a29]" name="AddNewCustomer" duration-ms="44660" started-at="2020-02-10T06:03:15Z" finished-at="2020-02-10T06:03:59Z">
          <reporter-output>
          </reporter-output>
        </test-method> <!-- AddNewCustomer -->
        <test-method status="PASS" signature="teardown()[pri:0, instance:com.commproj.testcases.TC_AddCustTest_003@153f5a29]" name="teardown" is-config="true" duration-ms="5329" started-at="2020-02-10T06:04:00Z" finished-at="2020-02-10T06:04:05Z">
          <reporter-output>
          </reporter-output>
        </test-method> <!-- teardown -->
      </class> <!-- com.commproj.testcases.TC_AddCustTest_003 -->
    </test> <!-- Test1 -->
  </suite> <!-- Suite -->
</testng-results>
