<?xml version="1.0" encoding="UTF-8"?>
<testsuite xmlns:xsi="http://www.w3.org/2001/XMLSchema-instance" xsi:noNamespaceSchemaLocation="https://maven.apache.org/surefire/maven-surefire-plugin/xsd/surefire-test-report-3.0.xsd" version="3.0" name="TestSuite" time="93.106" tests="2" errors="0" skipped="0" failures="1">
  <properties>
[...]
</properties>
  <testcase name="login" classname="com.commproj.testcases.TC_LoginTest_0001" time="27.914"/>
  <testcase name="AddNewCustomer" classname="com.commproj.testcases.TC_AddCustTest_003" time="30.01">
    <failure message="element not interactable&#10;  (Session info: chrome=80.0.3987.87)&#10;Build info: version: &apos;3.141.59&apos;, revision: &apos;e82be7d358&apos;, time: &apos;2018-11-14T08:17:03&apos;&#10;System info: host: &apos;DESKTOP-3CG77HD&apos;, ip: &apos;192.168.52.1&apos;, os.name: &apos;Windows 10&apos;, os.arch: &apos;amd64&apos;, os.version: &apos;10.0&apos;, java.version: &apos;1.8.0_221&apos;&#10;Driver info: org.openqa.selenium.chrome.ChromeDriver&#10;Capabilities {acceptInsecureCerts: false, browserName: chrome, browserVersion: 80.0.3987.87, chrome: {chromedriverVersion: 79.0.3945.36 (3582db32b3389..., userDataDir: C:\WINDOWS\TEMP\scoped_dir2...}, goog:chromeOptions: {debuggerAddress: localhost:52436}, javascriptEnabled: true, networkConnectionEnabled: false, pageLoadStrategy: normal, platform: WINDOWS, platformName: WINDOWS, proxy: Proxy(), setWindowRect: true, strictFileInteractability: false, timeouts: {implicit: 0, pageLoad: 300000, script: 30000}, unhandledPromptBehavior: dismiss and notify}&#10;Session ID: cfbb89fb04beb2e8e987156912527ba7" type="org.openqa.selenium.ElementNotInteractableException"><![CDATA[org.openqa.selenium.ElementNotInteractableException: 
element not interactable
  (Session info: chrome=80.0.3987.87)
Build info: version: '3.141.59', revision: 'e82be7d358', time: '2018-11-14T08:17:03'
System info: host: 'DESKTOP-3CG77HD', ip: '192.168.52.1', os.name: 'Windows 10', os.arch: 'amd64', os.version: '10.0', java.version: '1.8.0_221'
Driver info: org.openqa.selenium.chrome.ChromeDriver
Capabilities {acceptInsecureCerts: false, browserName: chrome, browserVersion: 80.0.3987.87, chrome: {chromedriverVersion: 79.0.3945.36 (3582db32b3389..., userDataDir: C:\WINDOWS\TEMP\scoped_dir2...}, goog:chromeOptions: {debuggerAddress: localhost:52436}, javascriptEnabled: true, networkConnectionEnabled: false, pageLoadStrategy: normal, platform: WINDOWS, platformName: WINDOWS, proxy: Proxy(), setWindowRect: true, strictFileInteractability: false, timeouts: {implicit: 0, pageLoad: 300000, script: 30000}, unhandledPromptBehavior: dismiss and notify}
Session ID: cfbb89fb04beb2e8e987156912527ba7
	at com.commproj.testcases.TC_AddCustTest_003.AddNewCustomer(TC_AddCustTest_003.java:70)
]]></failure>
    <system-out><![CDATA[ INFO [main] (TC_AddCustTest_003.java:27)- URL is Opened
 INFO [main] (TC_AddCustTest_003.java:32)- Username has been entered successfully
 INFO [main] (TC_AddCustTest_003.java:34)- Password has been entered successfully
 INFO [main] (TC_AddCustTest_003.java:36)- Clicked on the button
 INFO [main] (TC_AddCustTest_003.java:40)- Providing the new customer details..
 INFO [main] (TC_AddCustTest_003.java:56)- Gender has been selected
 INFO [main] (TC_AddCustTest_003.java:61)- DOB has been entered
 INFO [main] (TC_AddCustTest_003.java:65)- Store Name has been entered
]]></system-out>
    <system-err><![CDATA[Starting ChromeDriver 79.0.3945.36 (3582db32b33893869b8c1339e8f4d9ed1816f143-refs/branch-heads/3945@{#614}) on port 47360
Only local connections are allowed.
Please protect ports used by ChromeDriver and related test frameworks to prevent access by malicious code.
[1581310346.741][WARNING]: This version of ChromeDriver has not been tested with Chrome version 80.
Feb 10, 2020 10:22:30 AM org.openqa.selenium.remote.ProtocolHandshake createSession
INFO: Detected dialect: W3C
]]></system-err>
  </testcase>
</testsuite>