<?xml version="1.0" encoding="UTF-8"?>
<testng-results skipped="0" failed="0" ignored="0" total="1" passed="1">
  <reporter-output>
  </reporter-output>
  <suite name="Suite" duration-ms="50060" started-at="2020-02-09T09:17:11Z" finished-at="2020-02-09T09:18:01Z">
    <groups>
    </groups>
    <test name="Test1" duration-ms="50060" started-at="2020-02-09T09:17:11Z" finished-at="2020-02-09T09:18:01Z">
      <class name="com.commproj.testcases.TC_AddCustTest_003">
        <test-method status="PASS" signature="setup(java.lang.String)[pri:0, instance:com.commproj.testcases.TC_AddCustTest_003@1794d431]" name="setup" is-config="true" duration-ms="6627" started-at="2020-02-09T09:17:12Z" finished-at="2020-02-09T09:17:19Z">
          <params>
            <param index="0">
              <value>
                <![CDATA[chrome]]>
              </value>
            </param>
          </params>
          <reporter-output>
          </reporter-output>
        </test-method> <!-- setup -->
        <test-method status="PASS" signature="AddNewCustomer()[pri:0, instance:com.commproj.testcases.TC_AddCustTest_003@1794d431]" name="AddNewCustomer" duration-ms="36937" started-at="2020-02-09T09:17:19Z" finished-at="2020-02-09T09:17:56Z">
          <reporter-output>
          </reporter-output>
        </test-method> <!-- AddNewCustomer -->
        <test-method status="PASS" signature="teardown()[pri:0, instance:com.commproj.testcases.TC_AddCustTest_003@1794d431]" name="teardown" is-config="true" duration-ms="5657" started-at="2020-02-09T09:17:56Z" finished-at="2020-02-09T09:18:01Z">
          <reporter-output>
          </reporter-output>
        </test-method> <!-- teardown -->
      </class> <!-- com.commproj.testcases.TC_AddCustTest_003 -->
    </test> <!-- Test1 -->
  </suite> <!-- Suite -->
</testng-results>
